#
# There is insufficient memory for the Java Runtime Environment to continue.
# Native memory allocation (mmap) failed to map 264241152 bytes for Failed to commit area from 0x0000000704a00000 to 0x0000000714600000 of length 264241152.
# Possible reasons:
#   The system is out of physical RAM or swap space
#   The process is running with CompressedOops enabled, and the Java Heap may be blocking the growth of the native heap
# Possible solutions:
#   Reduce memory load on the system
#   Increase physical memory or swap space
#   Check if swap backing store is full
#   Decrease Java heap size (-Xmx/-Xms)
#   Decrease number of Java threads
#   Decrease Java thread stack sizes (-Xss)
#   Set larger code cache with -XX:ReservedCodeCacheSize=
# This output file may be truncated or incomplete.
#
#  Out of Memory Error (./src/hotspot/os/windows/os_windows.cpp:3301), pid=15692, tid=7672
#
# JRE version:  (11.0.10+9) (build )
# Java VM: Dynamic Code Evolution 64-Bit Server VM (11.0.10+9-b1341.35, mixed mode, sharing, tiered, compressed oops, g1 gc, windows-amd64)
# No core dump will be written. Minidumps are not enabled by default on client versions of Windows
#

---------------  S U M M A R Y ------------

Command Line: org.jetbrains.git4idea.http.GitAskPassApp Username for 'https://gitlab.com': 

Host: Intel(R) Core(TM) i3-2100 CPU @ 3.10GHz, 4 cores, 15G,  Windows 10 , 64 bit Build 19041 (10.0.19041.928)
Time: Mon Apr 26 06:58:11 2021 Финляндия (лето) elapsed time: 0.025725 seconds (0d 0h 0m 0s)

---------------  T H R E A D  ---------------

Current thread (0x000002035c24e800):  JavaThread "Unknown thread" [_thread_in_vm, id=7672, stack(0x0000009d06d00000,0x0000009d06e00000)]

Stack: [0x0000009d06d00000,0x0000009d06e00000]
Native frames: (J=compiled Java code, j=interpreted, Vv=VM code, C=native code)
V  [jvm.dll+0x5f84fa]
V  [jvm.dll+0x77e085]
V  [jvm.dll+0x77f5dd]
V  [jvm.dll+0x77fc93]
V  [jvm.dll+0x2457e8]
V  [jvm.dll+0x5f58f4]
V  [jvm.dll+0x5ea975]
V  [jvm.dll+0x30228b]
V  [jvm.dll+0x3021fa]
V  [jvm.dll+0x3020d2]
V  [jvm.dll+0x306fb6]
V  [jvm.dll+0x34f843]
V  [jvm.dll+0x34ff46]
V  [jvm.dll+0x34f943]
V  [jvm.dll+0x2dbcb8]
V  [jvm.dll+0x2dce57]
V  [jvm.dll+0x75c4d7]
V  [jvm.dll+0x75dd6c]
V  [jvm.dll+0x35cdb9]
V  [jvm.dll+0x73fc9e]
V  [jvm.dll+0x3c5663]
V  [jvm.dll+0x3c7a21]
C  [jli.dll+0x5373]
C  [ucrtbase.dll+0x21bb2]
C  [KERNEL32.DLL+0x17034]
C  [ntdll.dll+0x52651]


---------------  P R O C E S S  ---------------

Threads class SMR info:
_java_thread_list=0x000002035a1ae950, length=0, elements={
}

Java Threads: ( => current thread )

Other Threads:
  0x000002035a28e000 GCTaskThread "GC Thread#0" [stack: 0x0000009d06e00000,0x0000009d06f00000] [id=1800]
  0x000002035c2bc800 ConcurrentGCThread "G1 Main Marker" [stack: 0x0000009d06f00000,0x0000009d07000000] [id=19280]
  0x000002035c2be800 ConcurrentGCThread "G1 Conc#0" [stack: 0x0000009d07000000,0x0000009d07100000] [id=12820]

[error occurred during error reporting (printing all threads), id 0xc0000005, EXCEPTION_ACCESS_VIOLATION (0xc0000005) at pc=0x00007ffec149c437]

VM state:not at safepoint (not fully initialized)

VM Mutex/Monitor currently owned by a thread:  ([mutex/lock_event])
[0x000002035c24a940] Heap_lock - owner thread: 0x000002035c24e800

Heap address: 0x0000000704a00000, size: 4022 MB, Compressed Oops mode: Non-zero based: 0x0000000704a00000
Narrow klass base: 0x0000000000000000, Narrow klass shift: 0

GC Heap History (0 events):
No events

Deoptimization events (0 events):
No events

Classes redefined (0 events):
No events

Internal exceptions (0 events):
No events

Events (1 events):
Event: 0.012 Loaded shared library C:\Program Files\JetBrains\WebStorm 2020.3.1\jbr\bin\zip.dll


Dynamic libraries:
0x00007ff775a80000 - 0x00007ff775a8a000 	C:\Program Files\JetBrains\WebStorm 2020.3.1\jbr\bin\java.exe
0x00007fff163f0000 - 0x00007fff165e5000 	C:\Windows\SYSTEM32\ntdll.dll
0x00007fff14760000 - 0x00007fff1481d000 	C:\Windows\System32\KERNEL32.DLL
0x00007fff14050000 - 0x00007fff14318000 	C:\Windows\System32\KERNELBASE.dll
0x00007fff14320000 - 0x00007fff14420000 	C:\Windows\System32\ucrtbase.dll
0x00007fff00f20000 - 0x00007fff00f39000 	C:\Program Files\JetBrains\WebStorm 2020.3.1\jbr\bin\jli.dll
0x00007fff00f00000 - 0x00007fff00f17000 	C:\Program Files\JetBrains\WebStorm 2020.3.1\jbr\bin\VCRUNTIME140.dll
0x00007fff14820000 - 0x00007fff149c0000 	C:\Windows\System32\USER32.dll
0x00007fff13bb0000 - 0x00007fff13bd2000 	C:\Windows\System32\win32u.dll
0x00007fff049d0000 - 0x00007fff04c6a000 	C:\Windows\WinSxS\amd64_microsoft.windows.common-controls_6595b64144ccf1df_6.0.19041.844_none_ca00b6081b84eb1d\COMCTL32.dll
0x00007fff16380000 - 0x00007fff163aa000 	C:\Windows\System32\GDI32.dll
0x00007fff161b0000 - 0x00007fff1624e000 	C:\Windows\System32\msvcrt.dll
0x00007fff13f40000 - 0x00007fff1404b000 	C:\Windows\System32\gdi32full.dll
0x00007fff13df0000 - 0x00007fff13e8d000 	C:\Windows\System32\msvcp_win.dll
0x00007fff16260000 - 0x00007fff16290000 	C:\Windows\System32\IMM32.DLL
0x00007fff00e60000 - 0x00007fff00efd000 	C:\Program Files\JetBrains\WebStorm 2020.3.1\jbr\bin\msvcp140.dll
0x00007ffec11b0000 - 0x00007ffec1cff000 	C:\Program Files\JetBrains\WebStorm 2020.3.1\jbr\bin\server\jvm.dll
0x00007fff149c0000 - 0x00007fff14a6c000 	C:\Windows\System32\ADVAPI32.dll
0x00007fff15820000 - 0x00007fff158bb000 	C:\Windows\System32\sechost.dll
0x00007fff14550000 - 0x00007fff1467b000 	C:\Windows\System32\RPCRT4.dll
0x00007fff14540000 - 0x00007fff14548000 	C:\Windows\System32\PSAPI.DLL
0x00007fff0adf0000 - 0x00007fff0adf9000 	C:\Windows\SYSTEM32\WSOCK32.dll
0x00007ffee5bc0000 - 0x00007ffee5be7000 	C:\Windows\SYSTEM32\WINMM.dll
0x00007fff09f00000 - 0x00007fff09f0a000 	C:\Windows\SYSTEM32\VERSION.dll
0x00007fff152f0000 - 0x00007fff1535b000 	C:\Windows\System32\WS2_32.dll
0x00007fff11a90000 - 0x00007fff11aa2000 	C:\Windows\SYSTEM32\kernel.appcore.dll
0x00007fff0d7a0000 - 0x00007fff0d7b1000 	C:\Program Files\JetBrains\WebStorm 2020.3.1\jbr\bin\verify.dll
0x00007fff09be0000 - 0x00007fff09dc4000 	C:\Windows\SYSTEM32\DBGHELP.DLL
0x00007fff09ed0000 - 0x00007fff09efc000 	C:\Windows\SYSTEM32\dbgcore.DLL
0x00007fff13b30000 - 0x00007fff13bb0000 	C:\Windows\System32\bcryptPrimitives.dll
0x00007fff08ce0000 - 0x00007fff08d09000 	C:\Program Files\JetBrains\WebStorm 2020.3.1\jbr\bin\java.dll
0x00007fff0cb70000 - 0x00007fff0cb7b000 	C:\Program Files\JetBrains\WebStorm 2020.3.1\jbr\bin\jimage.dll
0x00007fff02700000 - 0x00007fff02718000 	C:\Program Files\JetBrains\WebStorm 2020.3.1\jbr\bin\zip.dll

dbghelp: loaded successfully - version: 4.0.5 - missing functions: none
symbol engine: initialized successfully - sym options: 0x614 - pdb path: .;C:\Program Files\JetBrains\WebStorm 2020.3.1\jbr\bin;C:\Windows\SYSTEM32;C:\Windows\WinSxS\amd64_microsoft.windows.common-controls_6595b64144ccf1df_6.0.19041.844_none_ca00b6081b84eb1d;C:\Program Files\JetBrains\WebStorm 2020.3.1\jbr\bin\server

VM Arguments:
java_command: org.jetbrains.git4idea.http.GitAskPassApp Username for 'https://gitlab.com': 
java_class_path (initial): C:/Program Files/JetBrains/WebStorm 2020.3.1/plugins/git4idea/lib/git4idea-rt.jar;C:/Program Files/JetBrains/WebStorm 2020.3.1/lib/xmlrpc-2.0.1.jar;C:/Program Files/JetBrains/WebStorm 2020.3.1/lib/commons-codec-1.15.jar
Launcher Type: SUN_STANDARD

[Global flags]
     intx CICompilerCount                          = 3                                         {product} {ergonomic}
     uint ConcGCThreads                            = 1                                         {product} {ergonomic}
     uint G1ConcRefinementThreads                  = 4                                         {product} {ergonomic}
   size_t G1HeapRegionSize                         = 1048576                                   {product} {ergonomic}
    uintx GCDrainStackTargetSize                   = 64                                        {product} {ergonomic}
   size_t InitialHeapSize                          = 264241152                                 {product} {ergonomic}
   size_t MarkStackSize                            = 4194304                                   {product} {ergonomic}
   size_t MaxHeapSize                              = 4217372672                                {product} {ergonomic}
   size_t MinHeapDeltaBytes                        = 1048576                                   {product} {ergonomic}
    uintx NonNMethodCodeHeapSize                   = 5830732                                {pd product} {ergonomic}
    uintx NonProfiledCodeHeapSize                  = 122913754                              {pd product} {ergonomic}
    uintx ProfiledCodeHeapSize                     = 122913754                              {pd product} {ergonomic}
    uintx ReservedCodeCacheSize                    = 251658240                              {pd product} {ergonomic}
     bool SegmentedCodeCache                       = true                                      {product} {ergonomic}
     bool UseCompressedClassPointers               = true                                 {lp64_product} {ergonomic}
     bool UseCompressedOops                        = true                                 {lp64_product} {ergonomic}
     bool UseG1GC                                  = true                                      {product} {ergonomic}
     bool UseLargePagesIndividualAllocation        = false                                  {pd product} {ergonomic}

Logging:
Log output configuration:
 #0: stdout all=warning uptime,level,tags
 #1: stderr all=off uptime,level,tags

Environment Variables:
PATH=C:/Program Files/Git/mingw64/libexec/git-core;C:/Program Files/Git/mingw64/libexec/git-core;C:\Program Files\Git\mingw64\bin;C:\Program Files\Git\usr\bin;C:\Users\user\bin;C:\Python39\Scripts\;C:\Python39\;C:\Windows\system32;C:\Windows;C:\Windows\System32\Wbem;C:\Windows\System32\WindowsPowerShell\v1.0\;C:\Windows\System32\OpenSSH\;C:\ProgramData\chocolatey\bin;C:\Program Files\Git\cmd;C:\Program Files (x86)\Yarn\bin\;C:\Program Files\nodejs\;C:\Users\user\AppData\Local\Microsoft\WindowsApps;C:\Users\user\AppData\Local\Yarn\bin;C:\Users\user\AppData\Roaming\npm
USERNAME=user
DISPLAY=:0.0
LC_ALL=en_US.UTF-8
OS=Windows_NT
PROCESSOR_IDENTIFIER=Intel64 Family 6 Model 42 Stepping 7, GenuineIntel



---------------  S Y S T E M  ---------------

OS: Windows 10 , 64 bit Build 19041 (10.0.19041.928)
OS uptime: 4 days 18:05 hours

CPU:total 4 (initial active 4) (2 cores per cpu, 2 threads per core) family 6 model 42 stepping 7 microcode 0x2f, cmov, cx8, fxsr, mmx, sse, sse2, sse3, ssse3, sse4.1, sse4.2, popcnt, avx, clmul, ht, tsc, tscinvbit

Memory: 4k page, system-wide physical 16086M (1382M free)
TotalPageFile size 31277M (AvailPageFile size 108M)
current process WorkingSet (physical memory assigned to process): 10M, peak: 10M
current process commit charge ("private bytes"): 52M, peak: 303M

vm_info: Dynamic Code Evolution 64-Bit Server VM (11.0.10+9-b1341.35) for windows-amd64 JRE (11.0.10+9-b1341.35), built on Mar 31 2021 02:11:12 by "" with MS VC++ 14.0 (VS2015)

END.
